<?xml version="1.0" encoding="UTF-8"?>
<!-- Generated by org.testng.reporters.JUnitReportReporter -->
<testsuite hostname="LAPTOP-QABKR2GO" failures="0" tests="1" name="producttest.Example1Test" time="3.179" errors="0" timestamp="2025-07-28T13:15:00 IST" skipped="0">
  <testcase classname="producttest.Example1Test" name="orderProducts" time="3.179">
    <system-out>
      <![CDATA[Manasa
Nerusu
 520082]]>
    </system-out>
  </testcase> <!-- orderProducts -->
  <system-out>
    <![CDATA[Browser setup is done
Login successfully
Manasa
Nerusu
 520082
Logout is done]]>
  </system-out>
</testsuite> <!-- producttest.Example1Test -->
