<?xml version="1.0" encoding="UTF-8"?>
<!-- Generated by org.testng.reporters.JUnitReportReporter -->
<testsuite hostname="LAPTOP-QABKR2GO" failures="0" tests="3" name="producttest.Example1Test" time="7.236" errors="0" timestamp="2025-07-31T13:02:42 IST" skipped="0">
  <testcase classname="producttest.Example1Test" name="Addproduct2" time="1.215"/>
  <testcase classname="producttest.Example1Test" name="Addproduct3" time="1.096"/>
  <testcase classname="producttest.Example1Test" name="orderProducts" time="4.925">
    <system-out>
      <![CDATA[Manasa
Nerusu
 520082]]>
    </system-out>
  </testcase> <!-- orderProducts -->
  <system-out>
    <![CDATA[Browser setup is done
Login successfully
Logout is done
Login successfully
Logout is done
Login successfully
Manasa
Nerusu
 520082
Logout is done]]>
  </system-out>
</testsuite> <!-- producttest.Example1Test -->
