<?xml version="1.0" encoding="UTF-8"?>
<!-- Generated by org.testng.reporters.JUnitReportReporter -->
<testsuite hostname="LAPTOP-QABKR2GO" failures="0" tests="1" name="producttest.TeamTTest" time="0.022" errors="0" timestamp="2025-07-14T10:37:07 IST" skipped="0">
  <testcase classname="producttest.TeamTTest" name="Manasa" time="0.022">
    <system-out>
      <![CDATA[Manasa]]>
    </system-out>
  </testcase> <!-- Manasa -->
  <system-out>
    <![CDATA[Manasa]]>
  </system-out>
</testsuite> <!-- producttest.TeamTTest -->
